<?xml version="1.0" encoding="UTF-8"?>
<!-- Generated by org.testng.reporters.JUnitReportReporter -->
<testsuite skipped="0" hostname="u-PC" name="test.java.test.TestNG_Demo2" tests="1" failures="0" timestamp="2020-04-14T00:03:20 GMT+04:00" time="5.446" errors="0">
  <testcase name="listAmSearch" time="5.446" classname="test.java.test.TestNG_Demo2"/>
  <system-out/>
</testsuite> <!-- test.java.test.TestNG_Demo2 -->
