<?xml version="1.0" encoding="UTF-8"?>
<!-- Generated by org.testng.reporters.JUnitReportReporter -->
<testsuite skipped="0" hostname="u-PC" name="test.java.demo.TestNGGroupsDemo" tests="4" failures="0" timestamp="2020-05-05T23:49:56 GMT+04:00" time="0.038" errors="0">
  <testcase name="test1" time="0.025" classname="test.java.demo.TestNGGroupsDemo"/>
  <system-out/>
  <testcase name="test3" time="0.004" classname="test.java.demo.TestNGGroupsDemo"/>
  <system-out/>
  <testcase name="test2" time="0.005" classname="test.java.demo.TestNGGroupsDemo"/>
  <system-out/>
  <testcase name="test4" time="0.004" classname="test.java.demo.TestNGGroupsDemo"/>
  <system-out/>
</testsuite> <!-- test.java.demo.TestNGGroupsDemo -->
