<?xml version="1.0" encoding="UTF-8"?>
<!-- Generated by org.testng.reporters.JUnitReportReporter -->
<testsuite skipped="0" hostname="u-PC" name="test.java.demo.TestNGParametersDemo" tests="1" failures="0" timestamp="2020-05-06T08:24:41 GMT+04:00" time="0.036" errors="0">
  <testcase name="test" time="0.036" classname="test.java.demo.TestNGParametersDemo"/>
  <system-out/>
</testsuite> <!-- test.java.demo.TestNGParametersDemo -->
