<?xml version="1.0" encoding="UTF-8"?>
<!-- Generated by org.testng.reporters.JUnitReportReporter -->
<testsuite skipped="0" hostname="u-PC" name="test.java.demo.FluentWaitDemo" tests="1" failures="0" timestamp="2020-05-09T23:32:51 GMT+04:00" time="29.695" errors="0">
  <testcase name="test" time="29.695" classname="test.java.demo.FluentWaitDemo"/>
  <system-out/>
</testsuite> <!-- test.java.demo.FluentWaitDemo -->
