<?xml version="1.0" encoding="UTF-8"?>
<!-- Generated by org.testng.reporters.JUnitReportReporter -->
<testsuite skipped="0" hostname="u-PC" name="test.java.test.ExtentReportsDemoWithTestNG" tests="3" failures="0" timestamp="2020-04-12T17:43:04 GMT+04:00" time="4.640" errors="0">
  <testcase name="test3" time="0.020" classname="test.java.test.ExtentReportsDemoWithTestNG"/>
  <system-out/>
  <testcase name="test1" time="3.349" classname="test.java.test.ExtentReportsDemoWithTestNG"/>
  <system-out/>
  <testcase name="test2" time="1.271" classname="test.java.test.ExtentReportsDemoWithTestNG"/>
  <system-out/>
</testsuite> <!-- test.java.test.ExtentReportsDemoWithTestNG -->
