<?xml version="1.0" encoding="UTF-8"?>
<!-- Generated by org.testng.reporters.JUnitReportReporter -->
<testsuite skipped="0" hostname="u-PC" name="test.java.test.TestNG_Demo" tests="1" failures="0" timestamp="2020-04-19T15:21:46 GMT+04:00" time="3.740" errors="0">
  <testcase name="googleSearch" time="3.740" classname="test.java.test.TestNG_Demo"/>
  <system-out/>
</testsuite> <!-- test.java.test.TestNG_Demo -->
