<?xml version="1.0" encoding="UTF-8"?>
<!-- Generated by org.testng.reporters.JUnitReportReporter -->
<testsuite skipped="0" hostname="u-PC" name="test.java.demo.TestNGMultiBrowserDemo" tests="2" failures="0" timestamp="2020-05-05T08:49:56 GMT+04:00" time="13.691" errors="0">
  <testcase name="test1" time="7.192" classname="test.java.demo.TestNGMultiBrowserDemo"/>
  <system-out/>
  <testcase name="test1" time="6.499" classname="test.java.demo.TestNGMultiBrowserDemo"/>
  <system-out/>
</testsuite> <!-- test.java.demo.TestNGMultiBrowserDemo -->
