<?xml version="1.0" encoding="UTF-8"?>
<!-- Generated by org.testng.reporters.JUnitReportReporter -->
<testsuite skipped="0" hostname="u-PC" name="test.java.demo.TestNGPriorityDemo" tests="3" failures="0" timestamp="2020-05-04T08:10:11 GMT+04:00" time="0.023" errors="0">
  <testcase name="test2" time="0.017" classname="test.java.demo.TestNGPriorityDemo"/>
  <system-out/>
  <testcase name="test1" time="0.003" classname="test.java.demo.TestNGPriorityDemo"/>
  <system-out/>
  <testcase name="test3" time="0.003" classname="test.java.demo.TestNGPriorityDemo"/>
  <system-out/>
</testsuite> <!-- test.java.demo.TestNGPriorityDemo -->
